ISim log file
Running: /home/agustin/Documents/Practicos/tp3/tp3/tb_control_isim_beh.exe -intstyle ise -gui -tclbatch isim.cmd -wdb /home/agustin/Documents/Practicos/tp3/tp3/tb_control_isim_beh.wdb 
ISim P.20131013 (signature 0xfbc00daa)
WARNING: A WEBPACK license was found.
WARNING: Please use Xilinx License Configuration Manager to check out a full ISim license.
WARNING: ISim will run in Lite mode. Please refer to the ISim documentation for more information on the differences between the Lite and the Full version.
This is a Lite version of ISim.
WARNING:  For instance uut/adder_module/, width 1 of formal port value is not equal to width 32 of actual constant.
Time resolution is 1 ps
# onerror resume
# wave add /
# run 1000 ns
Simulator is doing circuit initialization process.
Finished circuit initialization process.
Stopped at time : 60 ns :  in File "/home/agustin/Documents/Practicos/tp3/tp3/tb_control.v" Line 53 
# restart
# run all
Simulator is doing circuit initialization process.
Finished circuit initialization process.
Stopped at time : 60 ns :  in File "/home/agustin/Documents/Practicos/tp3/tp3/tb_control.v" Line 53 
# exit 0
