Command line:
   tb_control_isim_beh.exe
     -simmode  gui
     -simrunnum  0
     -socket  42375

Sun Oct  7 21:22:26 2018


 Elaboration Time: 0.02 sec

 Current Memory Usage: 196.239 Meg

 Total Signals          : 26
 Total Nets             : 71
 Total Signal Drivers   : 11
 Total Blocks           : 5
 Total Primitive Blocks : 3
 Total Processes        : 16
 Total Traceable Variables  : 25
 Total Scalar Nets and Variables : 261
Total Line Count : 30
Total Line Count : 30

 Total Simulation Time: 0.11 sec

 Current Memory Usage: 271.741 Meg

Sun Oct  7 21:24:15 2018

