Command line:
   tb_cpu_isim_beh.exe
     -simmode  gui
     -simrunnum  0
     -socket  33001

Mon Oct  8 13:01:55 2018


 Elaboration Time: 0.02 sec

 Current Memory Usage: 196.252 Meg

 Total Signals          : 84
 Total Nets             : 196
 Total Signal Drivers   : 30
 Total Blocks           : 13
 Total Primitive Blocks : 9
 Total Processes        : 41
 Total Traceable Variables  : 68
 Total Scalar Nets and Variables : 1019
Total Line Count : 147

 Total Simulation Time: 0.04 sec

 Current Memory Usage: 271.753 Meg

Mon Oct  8 13:03:02 2018

