Release 14.7 - xst P.20131013 (lin64)
Copyright (c) 1995-2013 Xilinx, Inc.  All rights reserved.
--> 
Parameter TMPDIR set to xst/projnav.tmp


Total REAL time to Xst completion: 0.00 secs
Total CPU time to Xst completion: 0.07 secs
 
--> 
Parameter xsthdpdir set to xst


Total REAL time to Xst completion: 0.00 secs
Total CPU time to Xst completion: 0.07 secs
 
--> 
Reading design: top.prj

TABLE OF CONTENTS
  1) Synthesis Options Summary
  2) HDL Compilation
  3) Design Hierarchy Analysis
  4) HDL Analysis
  5) HDL Synthesis
     5.1) HDL Synthesis Report
  6) Advanced HDL Synthesis
     6.1) Advanced HDL Synthesis Report
  7) Low Level Synthesis
  8) Partition Report
  9) Final Report
	9.1) Device utilization summary
	9.2) Partition Resource Summary
	9.3) TIMING REPORT


=========================================================================
*                      Synthesis Options Summary                        *
=========================================================================
---- Source Parameters
Input File Name                    : "top.prj"
Input Format                       : mixed
Ignore Synthesis Constraint File   : NO

---- Target Parameters
Output File Name                   : "top"
Output Format                      : NGC
Target Device                      : xc3s100e-4-cp132

---- Source Options
Top Module Name                    : top
Automatic FSM Extraction           : YES
FSM Encoding Algorithm             : Auto
Safe Implementation                : No
FSM Style                          : LUT
RAM Extraction                     : Yes
RAM Style                          : Auto
ROM Extraction                     : Yes
Mux Style                          : Auto
Decoder Extraction                 : YES
Priority Encoder Extraction        : Yes
Shift Register Extraction          : YES
Logical Shifter Extraction         : YES
XOR Collapsing                     : YES
ROM Style                          : Auto
Mux Extraction                     : Yes
Resource Sharing                   : YES
Asynchronous To Synchronous        : NO
Multiplier Style                   : Auto
Automatic Register Balancing       : No

---- Target Options
Add IO Buffers                     : YES
Global Maximum Fanout              : 100000
Add Generic Clock Buffer(BUFG)     : 24
Register Duplication               : YES
Slice Packing                      : YES
Optimize Instantiated Primitives   : NO
Use Clock Enable                   : Yes
Use Synchronous Set                : Yes
Use Synchronous Reset              : Yes
Pack IO Registers into IOBs        : Auto
Equivalent register Removal        : YES

---- General Options
Optimization Goal                  : Speed
Optimization Effort                : 1
Keep Hierarchy                     : No
Netlist Hierarchy                  : As_Optimized
RTL Output                         : Yes
Global Optimization                : AllClockNets
Read Cores                         : YES
Write Timing Constraints           : NO
Cross Clock Analysis               : NO
Hierarchy Separator                : /
Bus Delimiter                      : <>
Case Specifier                     : Maintain
Slice Utilization Ratio            : 100
BRAM Utilization Ratio             : 100
Verilog 2001                       : YES
Auto BRAM Packing                  : NO
Slice Utilization Ratio Delta      : 5

=========================================================================


=========================================================================
*                          HDL Compilation                              *
=========================================================================
Compiling verilog file "transmitter.v" in library work
Compiling verilog file "receiver.v" in library work
Module <transmitter> compiled
Compiling verilog file "baud_rate_gen.v" in library work
Module <receiver> compiled
Compiling verilog file "uart.v" in library work
Module <baud_rate_gen> compiled
Compiling verilog file "simple.v" in library work
Module <uart> compiled
Compiling verilog file "top.v" in library work
Module <interface> compiled
Module <top> compiled
No errors in compilation
Analysis of file <"top.prj"> succeeded.
 

=========================================================================
*                     Design Hierarchy Analysis                         *
=========================================================================
Analyzing hierarchy for module <top> in library <work>.

Analyzing hierarchy for module <interface> in library <work> with parameters.
	ADDRESSLSB = "00000001000"
	ADDRESSMSB = "00000010000"
	ADDR_LENGTH = "00000000000000000000000000001011"
	DATALSB = "00000000010"
	DATAMSB = "00000000100"
	DATA_LENGTH = "00000000000000000000000000010000"
	DM = "00000011"
	IDLE = "00000000001"
	NUMBER_STATES = "00000000000000000000000000001011"
	PM = "00000010"
	RE = "00000100"
	READ = "00010000000"
	SENDLSB = "00100000000"
	SENDMSB = "01000000000"
	SIZE = "00000000000000000000000000001000"
	ST = "00000001"
	START = "00001000000"
	WRITE = "00000100000"

Analyzing hierarchy for module <uart> in library <work> with parameters.
	parity = "0"
	reset = "0"
	stop_bits = "01"

Analyzing hierarchy for module <transmitter> in library <work> with parameters.
	BITS_PER_DATA = "00000000000000000000000000001000"
	DATA = "000100"
	IDLE = "000001"
	LENGTH_MAX_DATA = "00000000000000000000000000000100"
	LENGTH_NUM_TICKS = "00000000000000000000000000000100"
	NUM_TICKS = "00000000000000000000000000010000"
	PARITY = "001000"
	RESET = "100000"
	START = "000010"
	STOP = "010000"

Analyzing hierarchy for module <baud_rate_gen> in library <work> with parameters.
	RATE = "00000000000000000000000101000101"
	baud_rate = "00000000000000000010010110000000"
	clk_value = "00000010111110101111000010000000"
	counter_length = "00000000000000000000000000100000"
	num_ticks = "00000000000000000000000000010000"

Analyzing hierarchy for module <receiver> in library <work> with parameters.
	BITS_PER_DATA = "00000000000000000000000000001000"
	DATA = "000100"
	IDLE = "000001"
	LENGTH_MAX_DATA = "00000000000000000000000000000100"
	LENGTH_NUM_TICKS = "00000000000000000000000000000100"
	NUM_TICKS = "00000000000000000000000000010000"
	PARITY = "100000"
	RESET = "010000"
	START = "000010"
	STOP = "001000"


=========================================================================
*                            HDL Analysis                               *
=========================================================================
Analyzing top module <top>.
Module <top> is correct for synthesis.
 
Analyzing module <interface> in library <work>.
	ADDRESSLSB = 11'b00000001000
	ADDRESSMSB = 11'b00000010000
	ADDR_LENGTH = 32'sb00000000000000000000000000001011
	DATALSB = 11'b00000000010
	DATAMSB = 11'b00000000100
	DATA_LENGTH = 32'sb00000000000000000000000000010000
	DM = 8'b00000011
	IDLE = 11'b00000000001
	NUMBER_STATES = 32'sb00000000000000000000000000001011
	PM = 8'b00000010
	RE = 8'b00000100
	READ = 11'b00010000000
	SENDLSB = 11'b00100000000
	SENDMSB = 11'b01000000000
	SIZE = 32'sb00000000000000000000000000001000
	ST = 8'b00000001
	START = 11'b00001000000
	WRITE = 11'b00000100000
Module <interface> is correct for synthesis.
 
Analyzing module <uart> in library <work>.
	parity = 1'b0
	reset = 1'b0
	stop_bits = 2'b01
Module <uart> is correct for synthesis.
 
Analyzing module <transmitter> in library <work>.
	BITS_PER_DATA = 32'sb00000000000000000000000000001000
	DATA = 6'b000100
	IDLE = 6'b000001
	LENGTH_MAX_DATA = 32'sb00000000000000000000000000000100
	LENGTH_NUM_TICKS = 32'sb00000000000000000000000000000100
	NUM_TICKS = 32'sb00000000000000000000000000010000
	PARITY = 6'b001000
	RESET = 6'b100000
	START = 6'b000010
	STOP = 6'b010000
Module <transmitter> is correct for synthesis.
 
Analyzing module <baud_rate_gen> in library <work>.
	RATE = 32'sb00000000000000000000000101000101
	baud_rate = 32'sb00000000000000000010010110000000
	clk_value = 32'sb00000010111110101111000010000000
	counter_length = 32'sb00000000000000000000000000100000
	num_ticks = 32'sb00000000000000000000000000010000
Module <baud_rate_gen> is correct for synthesis.
 
Analyzing module <receiver> in library <work>.
	BITS_PER_DATA = 32'sb00000000000000000000000000001000
	DATA = 6'b000100
	IDLE = 6'b000001
	LENGTH_MAX_DATA = 32'sb00000000000000000000000000000100
	LENGTH_NUM_TICKS = 32'sb00000000000000000000000000000100
	NUM_TICKS = 32'sb00000000000000000000000000010000
	PARITY = 6'b100000
	RESET = 6'b010000
	START = 6'b000010
	STOP = 6'b001000
Module <receiver> is correct for synthesis.
 

=========================================================================
*                           HDL Synthesis                               *
=========================================================================

Performing bidirectional port resolution...

Synthesizing Unit <interface>.
    Related source file is "simple.v".
    Found finite state machine <FSM_0> for signal <state>.
    -----------------------------------------------------------------------
    | States             | 10                                             |
    | Transitions        | 26                                             |
    | Inputs             | 11                                             |
    | Outputs            | 11                                             |
    | Clock              | clk                       (rising_edge)        |
    | Reset              | reset                     (positive)           |
    | Reset type         | synchronous                                    |
    | Reset State        | 00000000001                                    |
    | Power Up State     | 00000000001                                    |
    | Encoding           | automatic                                      |
    | Implementation     | LUT                                            |
    -----------------------------------------------------------------------
    Found 16-bit register for signal <outData>.
    Found 1-bit register for signal <RdDM>.
    Found 1-bit register for signal <WrDM>.
    Found 11-bit register for signal <outAddr>.
    Found 1-bit register for signal <tx_start>.
    Found 1-bit register for signal <WrPM>.
    Found 8-bit register for signal <d_out>.
    Found 1-bit register for signal <reset_bip>.
    Found 8-bit register for signal <code>.
    Found 8-bit register for signal <counter>.
    Found 8-bit adder for signal <counter$addsub0000> created at line 193.
    Found 16-bit register for signal <data_to_send>.
    Summary:
	inferred   1 Finite State Machine(s).
	inferred  72 D-type flip-flop(s).
	inferred   1 Adder/Subtractor(s).
Unit <interface> synthesized.


Synthesizing Unit <transmitter>.
    Related source file is "transmitter.v".
INFO:Xst:1799 - State 001000 is never reached in FSM <state>.
INFO:Xst:1799 - State 100000 is never reached in FSM <state>.
    Found finite state machine <FSM_1> for signal <state>.
    -----------------------------------------------------------------------
    | States             | 4                                              |
    | Transitions        | 12                                             |
    | Inputs             | 5                                              |
    | Outputs            | 4                                              |
    | Clock              | clk                       (rising_edge)        |
    | Power Up State     | 000001                                         |
    | Encoding           | automatic                                      |
    | Implementation     | LUT                                            |
    -----------------------------------------------------------------------
    Found 1-bit register for signal <tx_out>.
    Found 1-bit register for signal <tx_done>.
    Found 8-bit register for signal <buffer>.
    Found 4-bit register for signal <n>.
    Found 4-bit adder for signal <n$addsub0000> created at line 120.
    Found 1-bit register for signal <parity_bit>.
    Found 1-bit adder for signal <parity_bit$addsub0000> created at line 129.
    Found 1-bit adder for signal <parity_bit$addsub0001> created at line 129.
    Found 1-bit adder for signal <parity_bit$addsub0002> created at line 129.
    Found 1-bit adder for signal <parity_bit$addsub0003> created at line 129.
    Found 1-bit adder for signal <parity_bit$addsub0004> created at line 129.
    Found 1-bit adder for signal <parity_bit$addsub0005> created at line 129.
    Found 1-bit adder for signal <parity_bit$addsub0006> created at line 129.
    Found 4-bit register for signal <s>.
    Found 4-bit adder for signal <s$share0000> created at line 80.
    Summary:
	inferred   1 Finite State Machine(s).
	inferred  19 D-type flip-flop(s).
	inferred   9 Adder/Subtractor(s).
Unit <transmitter> synthesized.


Synthesizing Unit <baud_rate_gen>.
    Related source file is "baud_rate_gen.v".
    Found 1-bit register for signal <tick>.
    Found 32-bit up counter for signal <counter>.
    Summary:
	inferred   1 Counter(s).
	inferred   1 D-type flip-flop(s).
Unit <baud_rate_gen> synthesized.


Synthesizing Unit <receiver>.
    Related source file is "receiver.v".
WARNING:Xst:1780 - Signal <next_state> is never used or assigned. This unconnected signal will be trimmed during the optimization process.
WARNING:Xst:646 - Signal <buffer<8>> is assigned but never used. This unconnected signal will be trimmed during the optimization process.
INFO:Xst:1799 - State 100000 is never reached in FSM <state>.
INFO:Xst:1799 - State 010000 is never reached in FSM <state>.
    Found finite state machine <FSM_2> for signal <state>.
    -----------------------------------------------------------------------
    | States             | 4                                              |
    | Transitions        | 12                                             |
    | Inputs             | 6                                              |
    | Outputs            | 5                                              |
    | Clock              | clk                       (rising_edge)        |
    | Power Up State     | 000001                                         |
    | Encoding           | automatic                                      |
    | Implementation     | LUT                                            |
    -----------------------------------------------------------------------
    Found 1-bit register for signal <error>.
    Found 1-bit register for signal <rx_done>.
    Found 9-bit register for signal <buffer>.
    Found 1-bit xor2 for signal <error$xor0000> created at line 131.
    Found 1-bit register for signal <expected_parity>.
    Found 1-bit adder for signal <expected_parity$add0000> created at line 130.
    Found 1-bit adder for signal <expected_parity$addsub0000> created at line 130.
    Found 1-bit adder for signal <expected_parity$addsub0001> created at line 130.
    Found 1-bit adder for signal <expected_parity$addsub0002> created at line 130.
    Found 1-bit adder for signal <expected_parity$addsub0003> created at line 130.
    Found 1-bit adder for signal <expected_parity$addsub0004> created at line 130.
    Found 1-bit adder for signal <expected_parity$addsub0005> created at line 130.
    Found 4-bit register for signal <n>.
    Found 4-bit adder for signal <n$addsub0000> created at line 120.
    Found 4-bit register for signal <s>.
    Found 4-bit adder for signal <s$share0000> created at line 82.
    Summary:
	inferred   1 Finite State Machine(s).
	inferred  20 D-type flip-flop(s).
	inferred   9 Adder/Subtractor(s).
Unit <receiver> synthesized.


Synthesizing Unit <uart>.
    Related source file is "uart.v".
WARNING:Xst:646 - Signal <error> is assigned but never used. This unconnected signal will be trimmed during the optimization process.
Unit <uart> synthesized.


Synthesizing Unit <top>.
    Related source file is "top.v".
WARNING:Xst:646 - Signal <reset_bip> is assigned but never used. This unconnected signal will be trimmed during the optimization process.
WARNING:Xst:646 - Signal <interface_to_bip> is assigned but never used. This unconnected signal will be trimmed during the optimization process.
WARNING:Xst:653 - Signal <bip_to_interface> is used but never assigned. This sourceless signal will be automatically connected to value 0000000000000000.
WARNING:Xst:646 - Signal <addrToMemory> is assigned but never used. This unconnected signal will be trimmed during the optimization process.
WARNING:Xst:646 - Signal <WrPM> is assigned but never used. This unconnected signal will be trimmed during the optimization process.
WARNING:Xst:646 - Signal <WrDM> is assigned but never used. This unconnected signal will be trimmed during the optimization process.
WARNING:Xst:646 - Signal <RdDM> is assigned but never used. This unconnected signal will be trimmed during the optimization process.
Unit <top> synthesized.

INFO:Xst:1767 - HDL ADVISOR - Resource sharing has identified that some arithmetic operations in this design can share the same physical resources for reduced device utilization. For improved clock frequency you may try to disable resource sharing.

=========================================================================
HDL Synthesis Report

Macro Statistics
# Adders/Subtractors                                   : 19
 1-bit adder                                           : 14
 4-bit adder                                           : 4
 8-bit adder                                           : 1
# Counters                                             : 1
 32-bit up counter                                     : 1
# Registers                                            : 49
 1-bit register                                        : 39
 16-bit register                                       : 1
 4-bit register                                        : 4
 8-bit register                                        : 4
 9-bit register                                        : 1
# Xors                                                 : 1
 1-bit xor2                                            : 1

=========================================================================

=========================================================================
*                       Advanced HDL Synthesis                          *
=========================================================================

Analyzing FSM <FSM_2> for best encoding.
Optimizing FSM <uart/rxx/state/FSM> on signal <state[1:2]> with gray encoding.
--------------------
 State  | Encoding
--------------------
 000001 | 00
 000010 | 01
 000100 | 11
 001000 | 10
 100000 | unreached
 010000 | unreached
--------------------
Analyzing FSM <FSM_1> for best encoding.
Optimizing FSM <uart/txx/state/FSM> on signal <state[1:2]> with gray encoding.
--------------------
 State  | Encoding
--------------------
 000001 | 00
 000010 | 01
 000100 | 11
 010000 | 10
 001000 | unreached
 100000 | unreached
--------------------
Analyzing FSM <FSM_0> for best encoding.
Optimizing FSM <interface/state/FSM> on signal <state[1:10]> with one-hot encoding.
---------------------------
 State       | Encoding
---------------------------
 00000000001 | 0000000001
 00001000000 | 0000000010
 00000001000 | 0000000100
 00000010000 | 0000001000
 00010000000 | 0000010000
 00000000010 | 0000100000
 00000000100 | 0001000000
 00000100000 | 0010000000
 00100000000 | 0100000000
 01000000000 | 1000000000
---------------------------
WARNING:Xst:1293 - FF/Latch <buffer_7> has a constant value of 0 in block <txx>. This FF/Latch will be trimmed during the optimization process.
WARNING:Xst:1293 - FF/Latch <buffer_6> has a constant value of 0 in block <txx>. This FF/Latch will be trimmed during the optimization process.
WARNING:Xst:1293 - FF/Latch <buffer_5> has a constant value of 0 in block <txx>. This FF/Latch will be trimmed during the optimization process.
WARNING:Xst:1293 - FF/Latch <buffer_4> has a constant value of 0 in block <txx>. This FF/Latch will be trimmed during the optimization process.
WARNING:Xst:1293 - FF/Latch <buffer_3> has a constant value of 0 in block <txx>. This FF/Latch will be trimmed during the optimization process.
WARNING:Xst:1293 - FF/Latch <buffer_2> has a constant value of 0 in block <txx>. This FF/Latch will be trimmed during the optimization process.
WARNING:Xst:1293 - FF/Latch <buffer_1> has a constant value of 0 in block <txx>. This FF/Latch will be trimmed during the optimization process.
WARNING:Xst:1293 - FF/Latch <buffer_0> has a constant value of 0 in block <txx>. This FF/Latch will be trimmed during the optimization process.
WARNING:Xst:1293 - FF/Latch <d_out_7> has a constant value of 0 in block <interface>. This FF/Latch will be trimmed during the optimization process.
WARNING:Xst:1293 - FF/Latch <d_out_6> has a constant value of 0 in block <interface>. This FF/Latch will be trimmed during the optimization process.
WARNING:Xst:1293 - FF/Latch <d_out_5> has a constant value of 0 in block <interface>. This FF/Latch will be trimmed during the optimization process.
WARNING:Xst:1293 - FF/Latch <d_out_4> has a constant value of 0 in block <interface>. This FF/Latch will be trimmed during the optimization process.
WARNING:Xst:1293 - FF/Latch <d_out_3> has a constant value of 0 in block <interface>. This FF/Latch will be trimmed during the optimization process.
WARNING:Xst:1293 - FF/Latch <d_out_2> has a constant value of 0 in block <interface>. This FF/Latch will be trimmed during the optimization process.
WARNING:Xst:1293 - FF/Latch <d_out_1> has a constant value of 0 in block <interface>. This FF/Latch will be trimmed during the optimization process.
WARNING:Xst:1293 - FF/Latch <d_out_0> has a constant value of 0 in block <interface>. This FF/Latch will be trimmed during the optimization process.
WARNING:Xst:1293 - FF/Latch <data_to_send_15> has a constant value of 0 in block <interface>. This FF/Latch will be trimmed during the optimization process.
WARNING:Xst:1293 - FF/Latch <data_to_send_14> has a constant value of 0 in block <interface>. This FF/Latch will be trimmed during the optimization process.
WARNING:Xst:1293 - FF/Latch <data_to_send_13> has a constant value of 0 in block <interface>. This FF/Latch will be trimmed during the optimization process.
WARNING:Xst:1293 - FF/Latch <data_to_send_12> has a constant value of 0 in block <interface>. This FF/Latch will be trimmed during the optimization process.
WARNING:Xst:1293 - FF/Latch <data_to_send_11> has a constant value of 0 in block <interface>. This FF/Latch will be trimmed during the optimization process.
WARNING:Xst:1293 - FF/Latch <data_to_send_10> has a constant value of 0 in block <interface>. This FF/Latch will be trimmed during the optimization process.
WARNING:Xst:1293 - FF/Latch <data_to_send_9> has a constant value of 0 in block <interface>. This FF/Latch will be trimmed during the optimization process.
WARNING:Xst:1293 - FF/Latch <data_to_send_8> has a constant value of 0 in block <interface>. This FF/Latch will be trimmed during the optimization process.
WARNING:Xst:1293 - FF/Latch <data_to_send_7> has a constant value of 0 in block <interface>. This FF/Latch will be trimmed during the optimization process.
WARNING:Xst:1293 - FF/Latch <data_to_send_6> has a constant value of 0 in block <interface>. This FF/Latch will be trimmed during the optimization process.
WARNING:Xst:1293 - FF/Latch <data_to_send_5> has a constant value of 0 in block <interface>. This FF/Latch will be trimmed during the optimization process.
WARNING:Xst:1293 - FF/Latch <data_to_send_4> has a constant value of 0 in block <interface>. This FF/Latch will be trimmed during the optimization process.
WARNING:Xst:1293 - FF/Latch <data_to_send_3> has a constant value of 0 in block <interface>. This FF/Latch will be trimmed during the optimization process.
WARNING:Xst:1293 - FF/Latch <data_to_send_2> has a constant value of 0 in block <interface>. This FF/Latch will be trimmed during the optimization process.
WARNING:Xst:1293 - FF/Latch <data_to_send_1> has a constant value of 0 in block <interface>. This FF/Latch will be trimmed during the optimization process.
WARNING:Xst:1293 - FF/Latch <data_to_send_0> has a constant value of 0 in block <interface>. This FF/Latch will be trimmed during the optimization process.
WARNING:Xst:2677 - Node <buffer_8> of sequential type is unconnected in block <rxx>.
WARNING:Xst:2677 - Node <buffer_8> of sequential type is unconnected in block <receiver>.

=========================================================================
Advanced HDL Synthesis Report

Macro Statistics
# FSMs                                                 : 3
# Adders/Subtractors                                   : 9
 1-bit adder                                           : 1
 1-bit adder carry in                                  : 3
 4-bit adder                                           : 4
 8-bit adder                                           : 1
# Counters                                             : 1
 32-bit up counter                                     : 1
# Registers                                            : 110
 Flip-Flops                                            : 110
# Xors                                                 : 1
 1-bit xor2                                            : 1

=========================================================================

=========================================================================
*                         Low Level Synthesis                           *
=========================================================================
WARNING:Xst:1293 - FF/Latch <error> has a constant value of 0 in block <receiver>. This FF/Latch will be trimmed during the optimization process.
INFO:Xst:2261 - The FF/Latch <data_to_send_0> in Unit <interface> is equivalent to the following 15 FFs/Latches, which will be removed : <data_to_send_1> <data_to_send_2> <data_to_send_3> <data_to_send_4> <data_to_send_5> <data_to_send_6> <data_to_send_7> <data_to_send_8> <data_to_send_9> <data_to_send_10> <data_to_send_11> <data_to_send_12> <data_to_send_13> <data_to_send_14> <data_to_send_15> 
WARNING:Xst:1293 - FF/Latch <d_out_0> has a constant value of 0 in block <interface>. This FF/Latch will be trimmed during the optimization process.
WARNING:Xst:1896 - Due to other FF/Latch trimming, FF/Latch <d_out_1> has a constant value of 0 in block <interface>. This FF/Latch will be trimmed during the optimization process.
WARNING:Xst:1896 - Due to other FF/Latch trimming, FF/Latch <d_out_2> has a constant value of 0 in block <interface>. This FF/Latch will be trimmed during the optimization process.
WARNING:Xst:1896 - Due to other FF/Latch trimming, FF/Latch <d_out_3> has a constant value of 0 in block <interface>. This FF/Latch will be trimmed during the optimization process.
WARNING:Xst:1896 - Due to other FF/Latch trimming, FF/Latch <d_out_4> has a constant value of 0 in block <interface>. This FF/Latch will be trimmed during the optimization process.
WARNING:Xst:1896 - Due to other FF/Latch trimming, FF/Latch <d_out_5> has a constant value of 0 in block <interface>. This FF/Latch will be trimmed during the optimization process.
WARNING:Xst:1896 - Due to other FF/Latch trimming, FF/Latch <d_out_6> has a constant value of 0 in block <interface>. This FF/Latch will be trimmed during the optimization process.
WARNING:Xst:1896 - Due to other FF/Latch trimming, FF/Latch <d_out_7> has a constant value of 0 in block <interface>. This FF/Latch will be trimmed during the optimization process.
WARNING:Xst:1896 - Due to other FF/Latch trimming, FF/Latch <data_to_send_0> has a constant value of 0 in block <interface>. This FF/Latch will be trimmed during the optimization process.
WARNING:Xst:2677 - Node <expected_parity> of sequential type is unconnected in block <receiver>.

Optimizing unit <top> ...

Optimizing unit <interface> ...

Optimizing unit <transmitter> ...
WARNING:Xst:1710 - FF/Latch <n_3> (without init value) has a constant value of 0 in block <transmitter>. This FF/Latch will be trimmed during the optimization process.
WARNING:Xst:1710 - FF/Latch <n_3> (without init value) has a constant value of 0 in block <transmitter>. This FF/Latch will be trimmed during the optimization process.

Optimizing unit <receiver> ...
WARNING:Xst:1710 - FF/Latch <n_3> (without init value) has a constant value of 0 in block <receiver>. This FF/Latch will be trimmed during the optimization process.
WARNING:Xst:1710 - FF/Latch <n_3> (without init value) has a constant value of 0 in block <receiver>. This FF/Latch will be trimmed during the optimization process.
WARNING:Xst:1293 - FF/Latch <uart/txx/buffer_7> has a constant value of 0 in block <top>. This FF/Latch will be trimmed during the optimization process.
WARNING:Xst:1896 - Due to other FF/Latch trimming, FF/Latch <uart/txx/buffer_6> has a constant value of 0 in block <top>. This FF/Latch will be trimmed during the optimization process.
WARNING:Xst:1896 - Due to other FF/Latch trimming, FF/Latch <uart/txx/buffer_5> has a constant value of 0 in block <top>. This FF/Latch will be trimmed during the optimization process.
WARNING:Xst:1896 - Due to other FF/Latch trimming, FF/Latch <uart/txx/buffer_4> has a constant value of 0 in block <top>. This FF/Latch will be trimmed during the optimization process.
WARNING:Xst:1896 - Due to other FF/Latch trimming, FF/Latch <uart/txx/buffer_3> has a constant value of 0 in block <top>. This FF/Latch will be trimmed during the optimization process.
WARNING:Xst:1896 - Due to other FF/Latch trimming, FF/Latch <uart/txx/buffer_2> has a constant value of 0 in block <top>. This FF/Latch will be trimmed during the optimization process.
WARNING:Xst:1896 - Due to other FF/Latch trimming, FF/Latch <uart/txx/buffer_1> has a constant value of 0 in block <top>. This FF/Latch will be trimmed during the optimization process.
WARNING:Xst:1896 - Due to other FF/Latch trimming, FF/Latch <uart/txx/buffer_0> has a constant value of 0 in block <top>. This FF/Latch will be trimmed during the optimization process.
WARNING:Xst:2677 - Node <interface/outData_8> of sequential type is unconnected in block <top>.
WARNING:Xst:2677 - Node <interface/outData_9> of sequential type is unconnected in block <top>.
WARNING:Xst:2677 - Node <interface/outData_10> of sequential type is unconnected in block <top>.
WARNING:Xst:2677 - Node <interface/outData_11> of sequential type is unconnected in block <top>.
WARNING:Xst:2677 - Node <interface/outData_12> of sequential type is unconnected in block <top>.
WARNING:Xst:2677 - Node <interface/outData_14> of sequential type is unconnected in block <top>.
WARNING:Xst:2677 - Node <interface/outData_15> of sequential type is unconnected in block <top>.
WARNING:Xst:2677 - Node <interface/outData_13> of sequential type is unconnected in block <top>.
WARNING:Xst:2677 - Node <interface/outData_0> of sequential type is unconnected in block <top>.
WARNING:Xst:2677 - Node <interface/outData_1> of sequential type is unconnected in block <top>.
WARNING:Xst:2677 - Node <interface/outData_3> of sequential type is unconnected in block <top>.
WARNING:Xst:2677 - Node <interface/outData_4> of sequential type is unconnected in block <top>.
WARNING:Xst:2677 - Node <interface/outData_2> of sequential type is unconnected in block <top>.
WARNING:Xst:2677 - Node <interface/outData_5> of sequential type is unconnected in block <top>.
WARNING:Xst:2677 - Node <interface/outData_6> of sequential type is unconnected in block <top>.
WARNING:Xst:2677 - Node <interface/outAddr_8> of sequential type is unconnected in block <top>.
WARNING:Xst:2677 - Node <interface/outAddr_9> of sequential type is unconnected in block <top>.
WARNING:Xst:2677 - Node <interface/outData_7> of sequential type is unconnected in block <top>.
WARNING:Xst:2677 - Node <interface/outAddr_10> of sequential type is unconnected in block <top>.
WARNING:Xst:2677 - Node <interface/outAddr_0> of sequential type is unconnected in block <top>.
WARNING:Xst:2677 - Node <interface/outAddr_1> of sequential type is unconnected in block <top>.
WARNING:Xst:2677 - Node <interface/outAddr_2> of sequential type is unconnected in block <top>.
WARNING:Xst:2677 - Node <interface/outAddr_3> of sequential type is unconnected in block <top>.
WARNING:Xst:2677 - Node <interface/outAddr_4> of sequential type is unconnected in block <top>.
WARNING:Xst:2677 - Node <interface/outAddr_6> of sequential type is unconnected in block <top>.
WARNING:Xst:2677 - Node <interface/outAddr_7> of sequential type is unconnected in block <top>.
WARNING:Xst:2677 - Node <interface/outAddr_5> of sequential type is unconnected in block <top>.
WARNING:Xst:2677 - Node <interface/reset_bip> of sequential type is unconnected in block <top>.
WARNING:Xst:2677 - Node <interface/WrPM> of sequential type is unconnected in block <top>.
WARNING:Xst:2677 - Node <interface/RdDM> of sequential type is unconnected in block <top>.
WARNING:Xst:2677 - Node <interface/WrDM> of sequential type is unconnected in block <top>.

Mapping all equations...
Building and optimizing final netlist ...
Found area constraint ratio of 100 (+ 5) on block top, actual ratio is 10.

Final Macro Processing ...

=========================================================================
Final Register Report

Macro Statistics
# Registers                                            : 90
 Flip-Flops                                            : 90

=========================================================================

=========================================================================
*                           Partition Report                            *
=========================================================================

Partition Implementation Status
-------------------------------

  No Partitions were found in this design.

-------------------------------

=========================================================================
*                            Final Report                               *
=========================================================================
Final Results
RTL Top Level Output File Name     : top.ngr
Top Level Output File Name         : top
Output Format                      : NGC
Optimization Goal                  : Speed
Keep Hierarchy                     : No

Design Statistics
# IOs                              : 12

Cell Usage :
# BELS                             : 261
#      GND                         : 1
#      INV                         : 2
#      LUT1                        : 31
#      LUT2                        : 12
#      LUT2_D                      : 2
#      LUT2_L                      : 5
#      LUT3                        : 27
#      LUT3_D                      : 1
#      LUT3_L                      : 2
#      LUT4                        : 78
#      LUT4_D                      : 3
#      LUT4_L                      : 13
#      MUXCY                       : 39
#      MUXF5                       : 12
#      VCC                         : 1
#      XORCY                       : 32
# FlipFlops/Latches                : 90
#      FD                          : 26
#      FDE                         : 8
#      FDR                         : 46
#      FDRE                        : 2
#      FDRS                        : 2
#      FDRSE                       : 1
#      FDS                         : 5
# Clock Buffers                    : 1
#      BUFGP                       : 1
# IO Buffers                       : 11
#      IBUF                        : 2
#      OBUF                        : 9
=========================================================================

Device utilization summary:
---------------------------

Selected Device : 3s100ecp132-4 

 Number of Slices:                       91  out of    960     9%  
 Number of Slice Flip Flops:             90  out of   1920     4%  
 Number of 4 input LUTs:                176  out of   1920     9%  
 Number of IOs:                          12
 Number of bonded IOBs:                  12  out of     83    14%  
 Number of GCLKs:                         1  out of     24     4%  

---------------------------
Partition Resource Summary:
---------------------------

  No Partitions were found in this design.

---------------------------


=========================================================================
TIMING REPORT

NOTE: THESE TIMING NUMBERS ARE ONLY A SYNTHESIS ESTIMATE.
      FOR ACCURATE TIMING INFORMATION PLEASE REFER TO THE TRACE REPORT
      GENERATED AFTER PLACE-and-ROUTE.

Clock Information:
------------------
-----------------------------------+------------------------+-------+
Clock Signal                       | Clock buffer(FF name)  | Load  |
-----------------------------------+------------------------+-------+
clk                                | BUFGP                  | 90    |
-----------------------------------+------------------------+-------+

Asynchronous Control Signals Information:
----------------------------------------
No asynchronous control signals found in this design

Timing Summary:
---------------
Speed Grade: -4

   Minimum period: 6.772ns (Maximum Frequency: 147.667MHz)
   Minimum input arrival time before clock: 5.173ns
   Maximum output required time after clock: 4.846ns
   Maximum combinational path delay: No path found

Timing Detail:
--------------
All values displayed in nanoseconds (ns)

=========================================================================
Timing constraint: Default period analysis for Clock 'clk'
  Clock period: 6.772ns (frequency: 147.667MHz)
  Total number of paths / destination ports: 2311 / 139
-------------------------------------------------------------------------
Delay:               6.772ns (Levels of Logic = 3)
  Source:            uart/rxx/s_0 (FF)
  Destination:       uart/rxx/buffer_7 (FF)
  Source Clock:      clk rising
  Destination Clock: clk rising

  Data Path: uart/rxx/s_0 to uart/rxx/buffer_7
                                Gate     Net
    Cell:in->out      fanout   Delay   Delay  Logical Name (Net Name)
    ----------------------------------------  ------------
     FD:C->Q              12   0.591   0.965  uart/rxx/s_0 (uart/rxx/s_0)
     LUT4:I3->O            8   0.704   0.761  uart/rxx/state_cmp_eq00011 (uart/rxx/state_cmp_eq0001)
     LUT4:I3->O           11   0.704   1.012  uart/rxx/n_mux0000<3>11 (uart/rxx/N10)
     LUT2:I1->O            1   0.704   0.420  uart/rxx/buffer_mux0000<1>0 (uart/rxx/buffer_mux0000<1>0)
     FDS:S                     0.911          uart/rxx/buffer_7
    ----------------------------------------
    Total                      6.772ns (3.614ns logic, 3.158ns route)
                                       (53.4% logic, 46.6% route)

=========================================================================
Timing constraint: Default OFFSET IN BEFORE for Clock 'clk'
  Total number of paths / destination ports: 49 / 41
-------------------------------------------------------------------------
Offset:              5.173ns (Levels of Logic = 4)
  Source:            rx (PAD)
  Destination:       uart/rxx/s_0 (FF)
  Destination Clock: clk rising

  Data Path: rx to uart/rxx/s_0
                                Gate     Net
    Cell:in->out      fanout   Delay   Delay  Logical Name (Net Name)
    ----------------------------------------  ------------
     IBUF:I->O             8   1.218   0.932  rx_IBUF (rx_IBUF)
     LUT3_D:I0->O          1   0.704   0.424  uart/rxx/s_mux0000<2>311 (uart/rxx/N29)
     LUT4_L:I3->LO         1   0.704   0.179  uart/rxx/s_mux0000<3>_SW0 (N25)
     LUT4:I1->O            1   0.704   0.000  uart/rxx/s_mux0000<3> (uart/rxx/s_mux0000<3>)
     FD:D                      0.308          uart/rxx/s_0
    ----------------------------------------
    Total                      5.173ns (3.638ns logic, 1.535ns route)
                                       (70.3% logic, 29.7% route)

=========================================================================
Timing constraint: Default OFFSET OUT AFTER for Clock 'clk'
  Total number of paths / destination ports: 9 / 9
-------------------------------------------------------------------------
Offset:              4.846ns (Levels of Logic = 1)
  Source:            interface/state_FSM_FFd9 (FF)
  Destination:       leds<6> (PAD)
  Source Clock:      clk rising

  Data Path: interface/state_FSM_FFd9 to leds<6>
                                Gate     Net
    Cell:in->out      fanout   Delay   Delay  Logical Name (Net Name)
    ----------------------------------------  ------------
     FDRS:C->Q            13   0.591   0.983  interface/state_FSM_FFd9 (interface/state_FSM_FFd9)
     OBUF:I->O                 3.272          leds_6_OBUF (leds<6>)
    ----------------------------------------
    Total                      4.846ns (3.863ns logic, 0.983ns route)
                                       (79.7% logic, 20.3% route)

=========================================================================


Total REAL time to Xst completion: 7.00 secs
Total CPU time to Xst completion: 6.73 secs
 
--> 


Total memory usage is 530800 kilobytes

Number of errors   :    0 (   0 filtered)
Number of warnings :   99 (   0 filtered)
Number of infos    :    6 (   0 filtered)

