#-----------------------------------------------------------
# PlanAhead v14.7 (64-bit)
# Build 321239 by xbuild on Fri Sep 27 19:24:36 MDT 2013
# Start of session at: Wed Oct 10 09:56:24 2018
# Process ID: 5691
# Log file: /home/agustin/tp3refactor/planAhead_run_2/planAhead.log
# Journal file: /home/agustin/tp3refactor/planAhead_run_2/planAhead.jou
#-----------------------------------------------------------
INFO: [Common 17-78] Attempting to get a license: PlanAhead
INFO: [Common 17-290] Got license for PlanAhead
INFO: [Device 21-36] Loading parts and site information from /opt/Xilinx/14.7/ISE_DS/PlanAhead/data/parts/arch.xml
Parsing RTL primitives file [/opt/Xilinx/14.7/ISE_DS/PlanAhead/data/parts/xilinx/rtl/prims/rtl_prims.xml]
Finished parsing RTL primitives file [/opt/Xilinx/14.7/ISE_DS/PlanAhead/data/parts/xilinx/rtl/prims/rtl_prims.xml]
start_gui
source /home/agustin/tp3refactor/pa.fromHdl.tcl
# create_project -name tp3refactor -dir "/home/agustin/tp3refactor/planAhead_run_2" -part xc3s100ecp132-4
# set_param project.pinAheadLayout yes
# set srcset [get_property srcset [current_run -impl]]
# set_property target_constrs_file "top.ucf" [current_fileset -constrset]
Adding file '/home/agustin/tp3refactor/top.ucf' to fileset 'constrs_1'
# set hdlfile [add_files [list {transmitter.v}]]
# set_property file_type Verilog $hdlfile
# set_property library work $hdlfile
# set hdlfile [add_files [list {receiver.v}]]
# set_property file_type Verilog $hdlfile
# set_property library work $hdlfile
# set hdlfile [add_files [list {baud_rate_gen.v}]]
# set_property file_type Verilog $hdlfile
# set_property library work $hdlfile
# set hdlfile [add_files [list {uart.v}]]
# set_property file_type Verilog $hdlfile
# set_property library work $hdlfile
# set hdlfile [add_files [list {simple.v}]]
# set_property file_type Verilog $hdlfile
# set_property library work $hdlfile
# set hdlfile [add_files [list {top.v}]]
# set_property file_type Verilog $hdlfile
# set_property library work $hdlfile
# set_property top top $srcset
# add_files [list {top.ucf}] -fileset [get_property constrset [current_run]]
# open_rtl_design -part xc3s100ecp132-4
Using Verific elaboration
Parsing VHDL file "/opt/Xilinx/14.7/ISE_DS/PlanAhead/data/parts/xilinx/rtl/lib/synplify/synattr.vhd" into library synplify
Analyzing Verilog file "/home/agustin/tp3refactor/transmitter.v" into library work
Analyzing Verilog file "/home/agustin/tp3refactor/receiver.v" into library work
Analyzing Verilog file "/home/agustin/tp3refactor/baud_rate_gen.v" into library work
Analyzing Verilog file "/home/agustin/tp3refactor/uart.v" into library work
Analyzing Verilog file "/home/agustin/tp3refactor/simple.v" into library work
Analyzing Verilog file "/home/agustin/tp3refactor/top.v" into library work
INFO: [Designutils 20-910] Reading macro library /opt/Xilinx/14.7/ISE_DS/PlanAhead/data/./parts/xilinx/spartan3e/spartan3e/hd_int_macros.edn
Parsing EDIF File [/opt/Xilinx/14.7/ISE_DS/PlanAhead/data/./parts/xilinx/spartan3e/spartan3e/hd_int_macros.edn]
Finished Parsing EDIF File [/opt/Xilinx/14.7/ISE_DS/PlanAhead/data/./parts/xilinx/spartan3e/spartan3e/hd_int_macros.edn]
Loading clock regions from /opt/Xilinx/14.7/ISE_DS/PlanAhead/data/parts/xilinx/spartan3e/spartan3e/xc3s100e/ClockRegion.xml
Loading clock buffers from /opt/Xilinx/14.7/ISE_DS/PlanAhead/data/parts/xilinx/spartan3e/spartan3e/xc3s100e/ClockBuffers.xml
Loading package from /opt/Xilinx/14.7/ISE_DS/PlanAhead/data/parts/xilinx/spartan3e/spartan3e/xc3s100e/cp132/Package.xml
Loading io standards from /opt/Xilinx/14.7/ISE_DS/PlanAhead/data/./parts/xilinx/spartan3e/IOStandards.xml
INFO: [Device 21-19] Loading pkg sso from /opt/Xilinx/14.7/ISE_DS/PlanAhead/data/parts/xilinx/spartan3e/spartan3e/xc3s100e/cp132/SSORules.xml
Loading list of drcs for the architecture : /opt/Xilinx/14.7/ISE_DS/PlanAhead/data/./parts/xilinx/spartan3e/spartan3e/drc.xml
INFO: [Timing 38-77] Reading timing library /opt/Xilinx/14.7/ISE_DS/PlanAhead/data/parts/xilinx/spartan3e/spartan3e/spartan3e-4.lib.
INFO: [Timing 38-34] Done reading timing library /opt/Xilinx/14.7/ISE_DS/PlanAhead/data/parts/xilinx/spartan3e/spartan3e/spartan3e-4.lib.
Parsing UCF File [/home/agustin/tp3refactor/top.ucf]
Finished Parsing UCF File [/home/agustin/tp3refactor/top.ucf]
INFO: [Project 1-111] Unisim Transformation Summary:
No Unisim elements were transformed.

Phase 0 | Netlist Checksum: b54785d5
open_rtl_design: Time (s): cpu = 00:00:15 ; elapsed = 00:00:07 . Memory (MB): peak = 2871.586 ; gain = 140.855
update_compile_order -fileset sim_1
startgroup
set_property package_pin G1 [get_ports {leds[7]}]
endgroup
startgroup
set_property package_pin P4 [get_ports {leds[6]}]
endgroup
startgroup
set_property package_pin N4 [get_ports {leds[5]}]
endgroup
startgroup
set_property package_pin N5 [get_ports {leds[4]}]
endgroup
startgroup
set_property package_pin P6 [get_ports {leds[3]}]
endgroup
startgroup
set_property package_pin P7 [get_ports {leds[2]}]
endgroup
startgroup
set_property package_pin M1 [get_ports {leds[1]}]
endgroup
startgroup
set_property package_pin P7 [get_ports {leds[2]}]
endgroup
startgroup
set_property package_pin M11 [get_ports {leds[1]}]
endgroup
startgroup
set_property package_pin M5 [get_ports {leds[0]}]
endgroup
startgroup
set_property package_pin B3 [get_ports reset]
endgroup
startgroup
set_property package_pin B8 [get_ports clk]
endgroup
startgroup
set_property package_pin A7 [get_ports reset]
endgroup
startgroup
set_property package_pin B6 [get_ports rx]
endgroup
startgroup
set_property package_pin C6 [get_ports tx]
endgroup
save_constraints
exit
ERROR: [#UNDEF] *** Exception: ui.h.b: Found deleted key in HTclEventBroker. Verify if the classes listed here call cleanup()
HTclEvent: SIGNAL_MODIFY   Classes: ui.views.aR 
HTclEvent: SIGNAL_BUS_MODIFY   Classes: ui.views.aR 
HTclEvent: DEBUG_CORE_CONFIG_CHANGE   Classes: ui.views.aR 
HTclEvent: DEBUG_PORT_CONFIG_CHANGE   Classes: ui.views.aR 
 (See /home/agustin/tp3refactor/planAhead_pid5691.debug)
ERROR: [Common 17-39] 'stop_gui' failed due to earlier errors.
INFO: [Common 17-206] Exiting PlanAhead at Wed Oct 10 09:59:06 2018...
INFO: [Common 17-83] Releasing license: PlanAhead
