Command line:
   tb_datapath_isim_beh.exe
     -simmode  gui
     -simrunnum  0
     -socket  34449

Mon Oct  8 12:07:47 2018


 Elaboration Time: 0.02 sec

 Current Memory Usage: 196.243 Meg

 Total Signals          : 43
 Total Nets             : 127
 Total Signal Drivers   : 19
 Total Blocks           : 8
 Total Primitive Blocks : 6
 Total Processes        : 26
 Total Traceable Variables  : 45
 Total Scalar Nets and Variables : 571
Total Line Count : 64

 Total Simulation Time: 0.04 sec

 Current Memory Usage: 271.745 Meg

Mon Oct  8 12:08:05 2018

