
****** PlanAhead v14.7 (64-bit)
  **** Build 321239 by xbuild on Fri Sep 27 19:24:36 MDT 2013
    ** Copyright 1986-1999, 2001-2013 Xilinx, Inc. All Rights Reserved.

INFO: [Common 17-78] Attempting to get a license: PlanAhead
INFO: [Common 17-290] Got license for PlanAhead
INFO: [Device 21-36] Loading parts and site information from /home/nicolas/Xilinx/14.7/ISE_DS/PlanAhead/data/parts/arch.xml
Parsing RTL primitives file [/home/nicolas/Xilinx/14.7/ISE_DS/PlanAhead/data/parts/xilinx/rtl/prims/rtl_prims.xml]
Finished parsing RTL primitives file [/home/nicolas/Xilinx/14.7/ISE_DS/PlanAhead/data/parts/xilinx/rtl/prims/rtl_prims.xml]
start_gui
source /home/nicolas/Git-Arqui/Arquitectura/tp3refactor/pa.fromHdl.tcl
# create_project -name tp3refactor -dir "/home/nicolas/Git-Arqui/Arquitectura/tp3refactor/planAhead_run_3" -part xc3s100ecp132-4
# set_param project.pinAheadLayout yes
# set srcset [get_property srcset [current_run -impl]]
# set_property target_constrs_file "top.ucf" [current_fileset -constrset]
Adding file '/home/nicolas/Git-Arqui/Arquitectura/tp3refactor/top.ucf' to fileset 'constrs_1'
# set hdlfile [add_files [list {signal_extension.v}]]
# set_property file_type Verilog $hdlfile
# set_property library work $hdlfile
# set hdlfile [add_files [list {pc.v}]]
# set_property file_type Verilog $hdlfile
# set_property library work $hdlfile
# set hdlfile [add_files [list {mux_sel_b.v}]]
# set_property file_type Verilog $hdlfile
# set_property library work $hdlfile
# set hdlfile [add_files [list {mux_sel_a.v}]]
# set_property file_type Verilog $hdlfile
# set_property library work $hdlfile
# set hdlfile [add_files [list {instruction_decoder.v}]]
# set_property file_type Verilog $hdlfile
# set_property library work $hdlfile
# set hdlfile [add_files [list {alu.v}]]
# set_property file_type Verilog $hdlfile
# set_property library work $hdlfile
# set hdlfile [add_files [list {adder.v}]]
# set_property file_type Verilog $hdlfile
# set_property library work $hdlfile
# set hdlfile [add_files [list {accumulator.v}]]
# set_property file_type Verilog $hdlfile
# set_property library work $hdlfile
# set hdlfile [add_files [list {datapath.v}]]
# set_property file_type Verilog $hdlfile
# set_property library work $hdlfile
# set hdlfile [add_files [list {control.v}]]
# set_property file_type Verilog $hdlfile
# set_property library work $hdlfile
# set hdlfile [add_files [list {transmitter.v}]]
# set_property file_type Verilog $hdlfile
# set_property library work $hdlfile
# set hdlfile [add_files [list {receiver.v}]]
# set_property file_type Verilog $hdlfile
# set_property library work $hdlfile
# set hdlfile [add_files [list {program_memory.v}]]
# set_property file_type Verilog $hdlfile
# set_property library work $hdlfile
# set hdlfile [add_files [list {data_memory.v}]]
# set_property file_type Verilog $hdlfile
# set_property library work $hdlfile
# set hdlfile [add_files [list {cpu.v}]]
# set_property file_type Verilog $hdlfile
# set_property library work $hdlfile
# set hdlfile [add_files [list {baud_rate_gen.v}]]
# set_property file_type Verilog $hdlfile
# set_property library work $hdlfile
# set hdlfile [add_files [list {uart.v}]]
# set_property file_type Verilog $hdlfile
# set_property library work $hdlfile
# set hdlfile [add_files [list {topbip.v}]]
# set_property file_type Verilog $hdlfile
# set_property library work $hdlfile
# set hdlfile [add_files [list {simple.v}]]
# set_property file_type Verilog $hdlfile
# set_property library work $hdlfile
# set hdlfile [add_files [list {top.v}]]
# set_property file_type Verilog $hdlfile
# set_property library work $hdlfile
# set_property top top $srcset
# add_files [list {top.ucf}] -fileset [get_property constrset [current_run]]
# open_rtl_design -part xc3s100ecp132-4
Using Verific elaboration
Parsing VHDL file "/home/nicolas/Xilinx/14.7/ISE_DS/PlanAhead/data/parts/xilinx/rtl/lib/synplify/synattr.vhd" into library synplify
Analyzing Verilog file "/home/nicolas/Git-Arqui/Arquitectura/tp3refactor/signal_extension.v" into library work
Analyzing Verilog file "/home/nicolas/Git-Arqui/Arquitectura/tp3refactor/pc.v" into library work
Analyzing Verilog file "/home/nicolas/Git-Arqui/Arquitectura/tp3refactor/mux_sel_b.v" into library work
Analyzing Verilog file "/home/nicolas/Git-Arqui/Arquitectura/tp3refactor/mux_sel_a.v" into library work
Analyzing Verilog file "/home/nicolas/Git-Arqui/Arquitectura/tp3refactor/instruction_decoder.v" into library work
Analyzing Verilog file "/home/nicolas/Git-Arqui/Arquitectura/tp3refactor/alu.v" into library work
Analyzing Verilog file "/home/nicolas/Git-Arqui/Arquitectura/tp3refactor/adder.v" into library work
Analyzing Verilog file "/home/nicolas/Git-Arqui/Arquitectura/tp3refactor/accumulator.v" into library work
Analyzing Verilog file "/home/nicolas/Git-Arqui/Arquitectura/tp3refactor/datapath.v" into library work
Analyzing Verilog file "/home/nicolas/Git-Arqui/Arquitectura/tp3refactor/control.v" into library work
Analyzing Verilog file "/home/nicolas/Git-Arqui/Arquitectura/tp3refactor/transmitter.v" into library work
Analyzing Verilog file "/home/nicolas/Git-Arqui/Arquitectura/tp3refactor/receiver.v" into library work
Analyzing Verilog file "/home/nicolas/Git-Arqui/Arquitectura/tp3refactor/program_memory.v" into library work
Analyzing Verilog file "/home/nicolas/Git-Arqui/Arquitectura/tp3refactor/data_memory.v" into library work
Analyzing Verilog file "/home/nicolas/Git-Arqui/Arquitectura/tp3refactor/cpu.v" into library work
Analyzing Verilog file "/home/nicolas/Git-Arqui/Arquitectura/tp3refactor/baud_rate_gen.v" into library work
Analyzing Verilog file "/home/nicolas/Git-Arqui/Arquitectura/tp3refactor/uart.v" into library work
Analyzing Verilog file "/home/nicolas/Git-Arqui/Arquitectura/tp3refactor/topbip.v" into library work
Analyzing Verilog file "/home/nicolas/Git-Arqui/Arquitectura/tp3refactor/simple.v" into library work
Analyzing Verilog file "/home/nicolas/Git-Arqui/Arquitectura/tp3refactor/top.v" into library work
INFO: [Designutils 20-910] Reading macro library /home/nicolas/Xilinx/14.7/ISE_DS/PlanAhead/data/./parts/xilinx/spartan3e/spartan3e/hd_int_macros.edn
Parsing EDIF File [/home/nicolas/Xilinx/14.7/ISE_DS/PlanAhead/data/./parts/xilinx/spartan3e/spartan3e/hd_int_macros.edn]
Finished Parsing EDIF File [/home/nicolas/Xilinx/14.7/ISE_DS/PlanAhead/data/./parts/xilinx/spartan3e/spartan3e/hd_int_macros.edn]
Loading clock regions from /home/nicolas/Xilinx/14.7/ISE_DS/PlanAhead/data/parts/xilinx/spartan3e/spartan3e/xc3s100e/ClockRegion.xml
Loading clock buffers from /home/nicolas/Xilinx/14.7/ISE_DS/PlanAhead/data/parts/xilinx/spartan3e/spartan3e/xc3s100e/ClockBuffers.xml
Loading package from /home/nicolas/Xilinx/14.7/ISE_DS/PlanAhead/data/parts/xilinx/spartan3e/spartan3e/xc3s100e/cp132/Package.xml
Loading io standards from /home/nicolas/Xilinx/14.7/ISE_DS/PlanAhead/data/./parts/xilinx/spartan3e/IOStandards.xml
INFO: [Device 21-19] Loading pkg sso from /home/nicolas/Xilinx/14.7/ISE_DS/PlanAhead/data/parts/xilinx/spartan3e/spartan3e/xc3s100e/cp132/SSORules.xml
Loading list of drcs for the architecture : /home/nicolas/Xilinx/14.7/ISE_DS/PlanAhead/data/./parts/xilinx/spartan3e/spartan3e/drc.xml
INFO: [Timing 38-77] Reading timing library /home/nicolas/Xilinx/14.7/ISE_DS/PlanAhead/data/parts/xilinx/spartan3e/spartan3e/spartan3e-4.lib.
INFO: [Timing 38-34] Done reading timing library /home/nicolas/Xilinx/14.7/ISE_DS/PlanAhead/data/parts/xilinx/spartan3e/spartan3e/spartan3e-4.lib.
Parsing UCF File [/home/nicolas/Git-Arqui/Arquitectura/tp3refactor/top.ucf]
Finished Parsing UCF File [/home/nicolas/Git-Arqui/Arquitectura/tp3refactor/top.ucf]
INFO: [Project 1-111] Unisim Transformation Summary:
No Unisim elements were transformed.

Phase 0 | Netlist Checksum: 31ff993d
open_rtl_design: Time (s): cpu = 00:00:13 ; elapsed = 00:00:08 . Memory (MB): peak = 2885.227 ; gain = 115.109
update_compile_order -fileset sim_1
exit
ERROR: [Common 17-39] 'stop_gui' failed due to earlier errors.
INFO: [Common 17-206] Exiting PlanAhead at Wed Oct 24 14:02:38 2018...
INFO: [Common 17-83] Releasing license: PlanAhead
